<?xml version="1.0" encoding="UTF-8"?>
<testsuite name="aueb.hestia.RoomTest" tests="11" skipped="0" failures="0" errors="0" timestamp="2024-04-04T14:20:38" hostname="TO_KOPIOUTERS" time="0.03">
  <properties/>
  <testcase name="bookSingle()" classname="aueb.hestia.RoomTest" time="0.016"/>
  <testcase name="addAvailabilityOverlapping()" classname="aueb.hestia.RoomTest" time="0.001"/>
  <testcase name="bookInTheMiddle()" classname="aueb.hestia.RoomTest" time="0.0"/>
  <testcase name="setPriceInvalidAmount()" classname="aueb.hestia.RoomTest" time="0.001"/>
  <testcase name="review()" classname="aueb.hestia.RoomTest" time="0.0"/>
  <testcase name="InvalidReview()" classname="aueb.hestia.RoomTest" time="0.0"/>
  <testcase name="addAvailability()" classname="aueb.hestia.RoomTest" time="0.001"/>
  <testcase name="book()" classname="aueb.hestia.RoomTest" time="0.0"/>
  <testcase name="addAvailabilityAdjacent()" classname="aueb.hestia.RoomTest" time="0.0"/>
  <testcase name="setPrice()" classname="aueb.hestia.RoomTest" time="0.001"/>
  <testcase name="bookInvalid()" classname="aueb.hestia.RoomTest" time="0.001"/>
  <system-out><![CDATA[Current Availability: 10/03/2024 - 10/03/2024
Current Availability: 12/03/2024 - 20/03/2024

stars should range from 1-5
Room is unavailable for Dates specified
]]></system-out>
  <system-err><![CDATA[]]></system-err>
</testsuite>
